! Output data generated by GKW version 0.4-b1-1058-g65b05143-dirty
! 22 April 2024   4:07:38.990 PM
! executable name: gkw_eslogin-DP_0.4-b1-1058-g65b05143-dirty.x
! compiled with $(FC) 
! /opt/cray/pe/craype/2.7.19/bin/ftn
 !Run on          256 processor(s)
 !If the input file generated warnings:
 !This file is a clean version that should not generate warnings
 !The following are the input variables as used by the code:
&CONTROL
 DISP_PAR=  1.0000000000000000E-002,
 DISP_VP=  0.0000000000000000     ,
 DISP_X=  0.0000000000000000     ,
 DISP_Y=  0.0000000000000000     ,
 DTIM=  1.0000000000000000E-003,
 FAC_DTIM_EST= 0.90000000000000002     ,
 FAC_DTIM_NL=  1.0000000000000000     ,
 NL_DTIM_EST=F,
 LVERBOSE=T,
 SILENT=F,
 METH=2          ,
 METHOD="EXP                             ",
 ORDER_OF_THE_SCHEME="fourth_order                    ",
 SPECTRAL_RADIUS=T,
 NTIME=20000      ,
 NAVERAGE=1000       ,
 NDUMP_TS=0          ,
 NLAPAR=T,
 NLBPAR=T,
 NLPHI=T,
 COLLISIONS=T,
 NEOCLASSICS=F,
 ZONAL_ADIABATIC=F,
 NON_LINEAR=F,
 FLUX_TUBE=T,
 SHIFT_METRIC=F,
 LPAR_VEL_NL=F,
 NORMALIZED=F,
 NORMALIZE_PER_TOROIDAL_MODE=F,
 READ_FILE=F,
 RESTART_FILE_VERSION=2          ,
 AUTO_RESTART=F,
 IRUN=0          ,
 LRESTART_NEW_GRID=F,
 VP_TRAP=0          ,
 UNIFORM_MU_GRID=F,
 LFLAPV=F,
 MAX_SEC=-1         ,
 MAX_SECONDS= -1.0000000000000000     ,
 GAMATOL=  1.0000000000000000E-004,
 FLUXTOL=  0.0000000000000000     ,
 IFLUXTOL=2          ,
 NCQTOL=  0.0000000000000000     ,
 MAX_GR=  100.00000000000000     ,
 MIN_GR=  1.0000000000000000E-002,
 DT_MIN=  9.9999999999999995E-007,
 LTRAPPING_ARAKAWA=T,
 RADIAL_BOUNDARY_CONDITIONS="periodic                        ",
 ORDER_OF_THE_RADIAL_SCHEME="fourth_order                    ",
 ORDER_OF_THE_ZF_SCHEME="fourth_order                    ",
 IO_FORMAT="mixed                           ",
 IO_LEGACY=T,
 IO_TESTDATA=F,
 IPERFORM_SET=2          ,
 MATRIX_FORMAT="gkw-crs                         ",
 TESTING=F,
 PARALLEL_BOUNDARY_CONDITIONS="open                            ",
 LAVERAGE_DIST_OVER_TIME=F,
 /
&GRIDSIZE
 NX=1          ,
 NPERIOD=6          ,
 N_VPAR_GRID=32         ,
 NMOD=1          ,
 NUMBER_OF_SPECIES=2          ,
 N_MU_GRID=16         ,
 N_TRAPPED=0          ,
 N_S_GRID=352        ,
 N_PROCS_S=32         ,
 N_PROCS_SP=1          ,
 N_PROCS_VPAR=1          ,
 N_PROCS_MU=8          ,
 NON_BLOCKING_VPAR=T,
 VPMAX=  3.0000000000000000     ,
 MUMAX=  4.5000000000000000     ,
 PSIL=  0.0000000000000000     ,
 PSIH=  0.0000000000000000     ,
 LX=  0.0000000000000000     ,
 N_PROCS_X=1          ,
 /
&DIAGNOSTIC
 NFLUSH_TS=10         ,
 SCREEN_OUTPUT=T,
 LFINAL_OUTPUT=T,
 LWRITE_OUTPUT1=T,
 LPHI_DIAGNOSTICS=T,
 XY_ESTEP=T,
 OUT3D_INTERVAL=1          ,
 LISL_FOLLOW=T,
 ZONAL_SCALE_3D=  1.0000000000000000     ,
 SPC3D=F,
 PHI3D=F,
 DEN3D=F,
 APA3D=F,
 APC3D=F,
 ENE3D=F,
 BPA3D=F,
 BPC3D=F,
 XY_FLUXES=F,
 XY_FLUXES_BI=F,
 XY_FLUXES_P=F,
 XY_FLUXES_V=F,
 XY_FLUXES_FSA=F,
 XY_FLUXES_EM=F,
 XY_FLUXES_K=F,
 XY_FLUXES_BPAR=F,
 XY_SLICE_IPAR=0          ,
 XY_DENS=F,
 XY_TEMP=F,
 XY_CURRENT=F,
 XY_CURRENT2=F,
 XY_SPEC=F,
 XS_KYZERO_DENS=F,
 XS_KYZERO_CURRENT=F,
 XS_KYZERO_CURRENT2=F,
 XS_KYZERO_ENE=F,
 XS_KYZERO_ENE_PERP=F,
 XS_KYZERO_ENE_PAR=F,
 XS_KYZERO_PHI_GA_FM=F,
 XS_KYZERO_PHI_GA_DELTAF=F,
 LRADIAL_PROFILE=F,
 LCALC_FLUXES=T,
 FLUX3D=F,
 LFLUXES_SPECTRA=T,
 LFLUXES_EM_SPECTRA=F,
 LCALC_KINENERGY_TRAPPAS=F,
 LFLUXES_DETAIL=F,
 LFLUXES_VSPACE=F,
 LFLUXES_VSPACE_PHI=F,
 LFLUXES_VSPACE_EM=F,
 LFLUXES_VSPACE_BPAR=F,
 LCALC_ENERGETICS=F,
 LCALC_TOT_ENERGY=F,
 LCALC_ENERGY_EVO=F,
 KY_ENE_EVO=F,
 KYKX_ENE_EVO=F,
 ENE_DRIFT=F,
 ENE_LANDAU=F,
 LCALC_CORR=F,
 IMOD_CORR= 2*1          ,
 LPARALLEL_PHI=F,
 LPARALLEL_APAR=F,
 LPARALLEL_BPAR=F,
 XY_PHI=F,
 XY_APAR=F,
 XY_BPAR=F,
 XY_VORT=F,
 XS_PHI=F,
 NMODEPOINTS=0          ,
 IMOD_FIELD= 256*0          ,
 FIELD_FSA_KYZERO=F,
 KYKXS_PHI=T,
 KYKXS_APAR=T,
 KYKXS_BPAR=T,
 KYKXS_MOMENTS=T,
 KYKXS_J0_MOMENTS=F,
 KYKXS_J1_MOMENTS=F,
 TAVG_START=1          ,
 TAVG_END=20000      ,
 LCALC_STRESSES=F,
 LMODE_ENERGY=F,
 LAMPLITUDES=T,
 LGROWTH_RATES=T,
 LFREQUENCIES=T,
 LPARALLEL_OUTPUT=T,
 PARALLEL_OUTPUT_TIMESTAMPS= 512*-1.0000000000000000      ,
 LROTATE_PARALLEL=T,
 LVELSPACE_OUTPUT=F,
 PSI_VELSPACE= 64*0.0000000000000000       ,
 ZETA_VELSPACE= 64*0.0000000000000000       ,
 NPOINTSVEL=0          ,
 LFINVEL=F,
 LCALC_JDOTE=F,
 LCALC_JDOTE_FS=F,
 LRAD_MOMENT=F,
 LRAD_ENTROPY=F,
 LRADIAL_ENTROPY=F,
 LRAD_FIELD=F,
 LRAD_TINT=F,
 LRAD_KPAR=F,
 LCALC_ZFSHEAR=F,
 LNONLIN_TRANSFER=F,
 LNONLIN_TRANSFER_FSA=F,
 NONLIN_TRANSFER_INTERVAL=1          ,
 NONLIN_TRANSFER_ENTR=T,
 NONLIN_TRANSFER_TEMP=T,
 NONLIN_TRANSFER_ENTR_DIST=F,
 NONLIN_TRANSFER_ENTR_FIELD=F,
 LNONLIN_TRANSFER_ENE=F,
 LCALC_ZONAL_EVO=F,
 ZEVO_DETAIL=F,
 ZEVO_XY_SPEC=F,
 CROSS_PHASES= 64*"          ",
 CROSS_PHASE_TIMETRACE=F,
 LOUTPUT_MATRIX=F,
 LCOMPLEX_TIMETRACE=F,
 LMPI_BROKEN_IO=T,
 XY_BIN=F,
 LPFLUX=F,
 LEFLUX=F,
 LVFLUX=F,
 LCALC_FREQ=T,
 /
&GEOM
 SHAT=  1.0000000000000000     ,
 Q=  2.0000000000000000     ,
 EPS= 0.16666000000000000     ,
 EPS_TYPE=1          ,
 GEOM_TYPE="miller                          ",
 EQFILE="not_needed_for_s-alpha_option                                                                                                                                                       ",
 SIGNB=1          ,
 SIGNJ=1          ,
 R0_LOC="LFS                             ",
 PROF_TYPE="parabolic                       ",
 QPROF_COEF= 0.88539999999999996     ,  19.655999999999999     , 3*0.0000000000000000       ,
 KAPPA=  1.0000000000000000     ,
 SKAPPA=  0.0000000000000000     ,
 DELTA=  0.0000000000000000     ,
 SDELTA=  0.0000000000000000     ,
 SQUARE=  0.0000000000000000     ,
 SSQUARE=  0.0000000000000000     ,
 ZMIL=  0.0000000000000000     ,
 DRMIL=  0.0000000000000000     ,
 DZMIL=  0.0000000000000000     ,
 GRADP_TYPE="beta_prime                      ",
 GRADP=  12300.000000000000     ,
 CURV_EFFECT=T,
 BETA_ROTA_MILLER_TYPE="spc                             ",
 BETA_ROTA_MILLER=  12300.000000000000     ,
 N_SHAPE=1          ,
 C= 50*12300.000000000000       ,
 S= 50*12300.000000000000       ,
 C_PRIME= 50*12300.000000000000       ,
 S_PRIME= 50*12300.000000000000       ,
 /
&MODE
 KTHRHO= 0.43010300000000001     , 511*0.0000000000000000       ,
 CHIN=  0.0000000000000000     ,
 KRRHO=  0.0000000000000000     ,
 KR_TYPE="chin                            ",
 MODE_BOX=F,
 KRHOMAX=  0.0000000000000000     ,
 IKXSPACE=0          ,
 RKXSPACE=  0.0000000000000000     ,
 N_SPACING=-1         ,
 NO_TRANSFER_TO= 512*0          ,
 NO_TRANSFER_FROM= 512*0          ,
 NO_DRIVE_OF= 512*0          ,
 /
&SPCGENERAL
 BETA=  0.0000000000000000     ,
 BETA_REF=  5.0000000000000001E-003,
 BETA_TYPE="ref                             ",
 BETAPRIME_REF=-0.12000000000000000     ,
 BETAPRIME_TYPE="ref                             ",
 ADIABATIC_ELECTRONS=F,
 AMP_INIT=  1.0000000000000000E-003,
 AMP_INIT_IMAG=  0.0000000000000000     ,
 FINIT="cosine2                         ",
 LFINIT_RADIAL_DIRICHLET=F,
 KWID_INI= 0.29999999999999999     ,
 QUENCH_MODES= 64*0          ,
 RHOSTAR=  0.0000000000000000     ,
 WSTAR=  0.0000000000000000     ,
 LS=  2.0000000000000000     ,
 ISL_ROT_FREQ=  0.0000000000000000     ,
 TEARINGMODE=F,
 ISL_MODE=2          ,
 TEAR_ZERO_EPAR=F,
 ISL_SHEAR=  0.0000000000000000     ,
 TM_DRIVE=F,
 TM_START= -10.000000000000000     ,
 TM_SAT=  0.0000000000000000     ,
 PSI_0=  0.0000000000000000     ,
 DELTA_PSI_0=  0.0000000000000000     ,
 ICRH_PARAMS=  0.0000000000000000     ,  1.0000000000000000     ,  0.0000000000000000     ,  1.0000000000000000     ,
 ENERGETIC_PARTICLES=F,
 VPAR_MEAN=  0.0000000000000000     ,
 QUENCH_SWITCH="except                          ",
 N_QUENCH=0          ,
 IMOD_INIT=0          ,
 AMP_IMOD=  1.0000000000000000E-003,
 AMP_IMOD_IMAG=  0.0000000000000000     ,
 AMP_ZON=  1.0000000000000000     ,
 AMP_ZON_IMAG=  0.0000000000000000     ,
 MODE_PERSIST=F,
 FINIT_IMOD="cosine2                         ",
 INIT_COEF=  1.0000000000000000     , 4*0.0000000000000000       ,
 ENFORCE_QUASINEUTRALITY=T,
 /
&SPECIES
 MASS=  1.0000000000000000     ,
 Z=  1.0000000000000000     ,
 TEMP=  1.0000000000000000     ,
 DENS=  1.0000000000000000     ,
 RLT=  9.0000000000000000     ,
 RLN=  3.0000000000000000     ,
 UPRIM=  0.0000000000000000     ,
 BACKGROUND="maxwell",
 PARAM= 2*0.0000000000000000       ,
 DENS_PROF_TYPE="none                            ",
 DENS_PROF_COEF= 5*0.0000000000000000       ,
 TEMP_PROF_TYPE="none                            ",
 TEMP_PROF_COEF= 5*0.0000000000000000       ,
 RLT_GAUSS= 2*0.0000000000000000       ,
 /
&SPECIES
 MASS=  2.7243999999999999E-004,
 Z= -1.0000000000000000     ,
 TEMP=  1.0000000000000000     ,
 DENS=  1.0000000000000000     ,
 RLT=  9.0000000000000000     ,
 RLN=  3.0000000000000000     ,
 UPRIM=  0.0000000000000000     ,
 BACKGROUND="maxwell",
 PARAM= 2*0.0000000000000000       ,
 DENS_PROF_TYPE="none                            ",
 DENS_PROF_COEF= 5*0.0000000000000000       ,
 TEMP_PROF_TYPE="none                            ",
 TEMP_PROF_COEF= 5*0.0000000000000000       ,
 RLT_GAUSS= 2*0.0000000000000000       ,
 /
&ROTATION
 VCOR=  0.0000000000000000     ,
 SHEAR_RATE=  0.0000000000000000     ,
 SHEAR_PROFILE="none                            ",
 TOROIDAL_SHEAR="none                            ",
 CORIOLIS=F,
 CF_TRAP=F,
 CF_DRIFT=F,
 T_SHEAR_BEGIN=  0.0000000000000000     ,
 CF_UPPHI=F,
 CF_UPSRC=F,
 CF_QNCHECK=T,
 /
&EIV_INTEGRATION
 MAX_ITERATIONS=1          ,
 TOLERANCE=  1.0000000000000000E-004,
 NUMBER_EIGENVALUES=1          ,
 MAT_VEC_ROUTINE=1          ,
 COMPARISON_ROUTINE=1          ,
 WHICH_EIGENVALUES=11         ,
 GROWTHRATE=  1.0000000000000000     ,
 FREQ=  0.0000000000000000     ,
 LUSE_INITIAL_VALUE=T,
 TYPE_SOLVER="krylovschur                     ",
 TYPE_EXTRACTION="ritz                            ",
 NR_COLUMN_VEC=0          ,
 /
&LINEAR_TERM_SWITCHES
 LVPAR_GRAD_DF=T,
 LVDGRADF=T,
 LTRAPDF=T,
 LVE_GRAD_FM=T,
 LVD_GRAD_PHI_FM=T,
 LVPGRPHI=T,
 LPOISSON=T,
 LAMPERE=T,
 LG2F_CORRECTION=T,
 LPOISSON_ZF=T,
 LNEOCLASSICAL=T,
 LBPAR=T,
 LNEOROTSOURCE=F,
 LNEO_EQUIL=F,
 LNEO_TRAP=T,
 NEO_FSOURCE="   ",
 LNEO_RAD=T,
 NEO_EQUIL_PARSE_SP_SEQ= 32*-1         ,
 IDISP=2          ,
 APPLY_ON_IMOD= 128*0          ,
 /
&COLLISIONS
 NREF=  1.0000000000000000     ,
 TREF=  1.0000000000000000     ,
 RREF=  0.0000000000000000     ,
 ZEFF=  1.0000000000000000     ,
 PITCH_ANGLE=T,
 EN_SCATTER=T,
 FRICTION_COLL=T,
 MOM_CONSERVATION=T,
 ENE_CONSERVATION=T,
 MASS_CONSERVE=F,
 FREQ_OVERRIDE=T,
 COLL_FREQ=  3.5013997199999998E-003,
 SELFCOLLCON=T,
 FREQ_INPUT=F,
 NU_AB= 400*0.0000000000000000       ,
 LORENTZ=F,
 CONS_TYPE="Lin                             ",
 /
&KROOK
 NLKROOK=F,
 GAMMAK=  0.0000000000000000     ,
 NLBOUND=F,
 BWIDTH=  0.0000000000000000     ,
 GAMMAB=  0.0000000000000000     ,
 KROOK_OPTION=1          ,
 GAMKPRE=  1.0000000000000000     ,
 /
&GYROAVERAGE
 N_POINTS_GA=32         ,
 GYRO_AVERAGE_IONS=T,
 GYRO_AVERAGE_ELECTRONS=T,
 ORB_POLARIZE=F,
 MK_GYRO_AV_HERMITIAN=F,
 USE_CONJ=F,
 CONSISTENT_LONG_WAVE=F,
 PARALLEL_MOD=T,
 BLENDING_ORDER=2          ,
 N_GAV_BOUND_EX=0          ,
 /
&SOURCE_TIME
 MODULATION=T,
 SOURCE_WAVE_NUMBER=1          ,
 SOURCE_TIME_AMPL=(0.0000000000000000,0.0000000000000000),
 MOD_FREQ=  1.0000000000000000     ,
 SOURCE_PROFILE="cosine                          ",
 GAUSS_SOURCE_STDEV=  1.8000000000000000     ,
 GAUSS_SOURCE_MEDIAN=0          ,
 DSFR=0          ,
 /
&FINITE_RHO_PARALLEL
 LTRAPDF_RHOSTAR=F,
 LVDGRAD_PHI_FM_RHOSTAR=F,
 LVE_GRAD_FM_RHOSTAR=F,
 LVDGRADF_RHOSTAR=F,
 LNONLINEAR_RHOSTAR=F,
 S_AVERAGE=F,
 LFLUX_RHOSTAR=F,
 /
